Configuring ansi-wl-pprint-0.6.7.3...
Building ansi-wl-pprint-0.6.7.3...
Preprocessing library ansi-wl-pprint-0.6.7.3...
[1 of 1] Compiling Text.PrettyPrint.ANSI.Leijen ( Text/PrettyPrint/ANSI/Leijen.hs, .stack-work/dist/x86_64-linux/Cabal-1.22.5.0/build/Text/PrettyPrint/ANSI/Leijen.o )
In-place registering ansi-wl-pprint-0.6.7.3...
Running Haddock for ansi-wl-pprint-0.6.7.3...
Running hscolour for ansi-wl-pprint-0.6.7.3...
Preprocessing library ansi-wl-pprint-0.6.7.3...
Preprocessing library ansi-wl-pprint-0.6.7.3...
Haddock coverage:
  96% (129 /134) in 'Text.PrettyPrint.ANSI.Leijen'
  Missing documentation for:
    bool (Text/PrettyPrint/ANSI/Leijen.hs:506)
    column (Text/PrettyPrint/ANSI/Leijen.hs:843)
    columns (Text/PrettyPrint/ANSI/Leijen.hs:847)
    nesting (Text/PrettyPrint/ANSI/Leijen.hs:843)
    width (Text/PrettyPrint/ANSI/Leijen.hs:646)
Documentation created:
.stack-work/dist/x86_64-linux/Cabal-1.22.5.0/doc/html/ansi-wl-pprint/index.html,
.stack-work/dist/x86_64-linux/Cabal-1.22.5.0/doc/html/ansi-wl-pprint/ansi-wl-pprint.txt
Installing library in
/home/d/.stack/snapshots/x86_64-linux/lts-6.0/7.10.3/lib/x86_64-linux-ghc-7.10.3/ansi-wl-pprint-0.6.7.3-KTAhiPa3RNI09mbeoAwSSX
Registering ansi-wl-pprint-0.6.7.3...
