Configuring appar-0.1.4...
Building appar-0.1.4...
Preprocessing library appar-0.1.4...
[1 of 5] Compiling Text.Appar.Input ( Text/Appar/Input.hs, .stack-work/dist/x86_64-linux/Cabal-1.22.5.0/build/Text/Appar/Input.o )
[2 of 5] Compiling Text.Appar.Parser ( Text/Appar/Parser.hs, .stack-work/dist/x86_64-linux/Cabal-1.22.5.0/build/Text/Appar/Parser.o )
[3 of 5] Compiling Text.Appar.ByteString ( Text/Appar/ByteString.hs, .stack-work/dist/x86_64-linux/Cabal-1.22.5.0/build/Text/Appar/ByteString.o )
[4 of 5] Compiling Text.Appar.LazyByteString ( Text/Appar/LazyByteString.hs, .stack-work/dist/x86_64-linux/Cabal-1.22.5.0/build/Text/Appar/LazyByteString.o )
[5 of 5] Compiling Text.Appar.String ( Text/Appar/String.hs, .stack-work/dist/x86_64-linux/Cabal-1.22.5.0/build/Text/Appar/String.o )
In-place registering appar-0.1.4...
Running Haddock for appar-0.1.4...
Running hscolour for appar-0.1.4...
Preprocessing library appar-0.1.4...
Preprocessing library appar-0.1.4...
Haddock coverage:
  20% (  1 /  5) in 'Text.Appar.Input'
  Missing documentation for:
    Module header
     (Text/Appar/Input.hs:24)
     (Text/Appar/Input.hs:30)
     (Text/Appar/Input.hs:36)
  97% ( 36 / 37) in 'Text.Appar.Parser'
  Missing documentation for:
    MkParser (Text/Appar/Parser.hs:63)
  98% ( 39 / 40) in 'Text.Appar.ByteString'
  Missing documentation for:
    MkParser (Text/Appar/Parser.hs:63)
  98% ( 39 / 40) in 'Text.Appar.LazyByteString'
  Missing documentation for:
    MkParser (Text/Appar/Parser.hs:63)
  98% ( 39 / 40) in 'Text.Appar.String'
  Missing documentation for:
    MkParser (Text/Appar/Parser.hs:63)
Documentation created:
.stack-work/dist/x86_64-linux/Cabal-1.22.5.0/doc/html/appar/index.html,
.stack-work/dist/x86_64-linux/Cabal-1.22.5.0/doc/html/appar/appar.txt
Installing library in
/home/d/.stack/snapshots/x86_64-linux/lts-6.0/7.10.3/lib/x86_64-linux-ghc-7.10.3/appar-0.1.4-0ov5bpGH3STIB4U7WU8MFi
Registering appar-0.1.4...
