Configuring easy-file-0.2.1...
Building easy-file-0.2.1...
Preprocessing library easy-file-0.2.1...
[1 of 4] Compiling System.EasyFile.Missing ( System/EasyFile/Missing.hs, .stack-work/dist/x86_64-linux/Cabal-1.22.5.0/build/System/EasyFile/Missing.o )

System/EasyFile/Missing.hs:7:1: Warning:
    The import of ‘Control.Applicative’ is redundant
      except perhaps to import instances from ‘Control.Applicative’
    To import instances alone, use: import Control.Applicative()
[2 of 4] Compiling System.EasyFile.Directory ( System/EasyFile/Directory.hs, .stack-work/dist/x86_64-linux/Cabal-1.22.5.0/build/System/EasyFile/Directory.o )

System/EasyFile/Directory.hs:37:1: Warning:
    The import of ‘Control.Applicative’ is redundant
      except perhaps to import instances from ‘Control.Applicative’
    To import instances alone, use: import Control.Applicative()
[3 of 4] Compiling System.EasyFile.FilePath ( System/EasyFile/FilePath.hs, .stack-work/dist/x86_64-linux/Cabal-1.22.5.0/build/System/EasyFile/FilePath.o )
[4 of 4] Compiling System.EasyFile  ( System/EasyFile.hs, .stack-work/dist/x86_64-linux/Cabal-1.22.5.0/build/System/EasyFile.o )
In-place registering easy-file-0.2.1...
Running Haddock for easy-file-0.2.1...
Running hscolour for easy-file-0.2.1...
Preprocessing library easy-file-0.2.1...
Preprocessing library easy-file-0.2.1...

System/EasyFile/Missing.hs:7:1: Warning:
    The import of ‘Control.Applicative’ is redundant
      except perhaps to import instances from ‘Control.Applicative’
    To import instances alone, use: import Control.Applicative()

System/EasyFile/Directory.hs:37:1: Warning:
    The import of ‘Control.Applicative’ is redundant
      except perhaps to import instances from ‘Control.Applicative’
    To import instances alone, use: import Control.Applicative()
Haddock coverage:
  80% (  8 / 10) in 'System.EasyFile.Missing'
  Missing documentation for:
    Module header
    epochTimeToUTCTime (System/EasyFile/Missing.hs:151)
  80% (  8 / 10) in 'System.EasyFile.Directory'
  Missing documentation for:
    Module header
    fixPath (System/EasyFile/Directory.hs:186)
  98% ( 49 / 50) in 'System.EasyFile.FilePath'
  Missing documentation for:
    Module header
  99% ( 88 / 89) in 'System.EasyFile'
  Missing documentation for:
    Permissions
Warning: System.EasyFile: could not find link destinations for:
    InappropriateType
Documentation created:
.stack-work/dist/x86_64-linux/Cabal-1.22.5.0/doc/html/easy-file/index.html,
.stack-work/dist/x86_64-linux/Cabal-1.22.5.0/doc/html/easy-file/easy-file.txt
Installing library in
/home/d/.stack/snapshots/x86_64-linux/lts-6.0/7.10.3/lib/x86_64-linux-ghc-7.10.3/easy-file-0.2.1-IjQ6MMskJyDEpOwcfCdF0G
Registering easy-file-0.2.1...
