Configuring fast-logger-2.4.6...
Building fast-logger-2.4.6...
Preprocessing library fast-logger-2.4.6...
[1 of 8] Compiling System.Log.FastLogger.LogStr ( System/Log/FastLogger/LogStr.hs, .stack-work/dist/x86_64-linux/Cabal-1.22.5.0/build/System/Log/FastLogger/LogStr.o )
[2 of 8] Compiling System.Log.FastLogger.IORef ( System/Log/FastLogger/IORef.hs, .stack-work/dist/x86_64-linux/Cabal-1.22.5.0/build/System/Log/FastLogger/IORef.o )
[3 of 8] Compiling System.Log.FastLogger.FileIO ( System/Log/FastLogger/FileIO.hs, .stack-work/dist/x86_64-linux/Cabal-1.22.5.0/build/System/Log/FastLogger/FileIO.o )
[4 of 8] Compiling System.Log.FastLogger.IO ( System/Log/FastLogger/IO.hs, .stack-work/dist/x86_64-linux/Cabal-1.22.5.0/build/System/Log/FastLogger/IO.o )
[5 of 8] Compiling System.Log.FastLogger.Logger ( System/Log/FastLogger/Logger.hs, .stack-work/dist/x86_64-linux/Cabal-1.22.5.0/build/System/Log/FastLogger/Logger.o )
[6 of 8] Compiling System.Log.FastLogger.File ( System/Log/FastLogger/File.hs, .stack-work/dist/x86_64-linux/Cabal-1.22.5.0/build/System/Log/FastLogger/File.o )
[7 of 8] Compiling System.Log.FastLogger.Date ( System/Log/FastLogger/Date.hs, .stack-work/dist/x86_64-linux/Cabal-1.22.5.0/build/System/Log/FastLogger/Date.o )
[8 of 8] Compiling System.Log.FastLogger ( System/Log/FastLogger.hs, .stack-work/dist/x86_64-linux/Cabal-1.22.5.0/build/System/Log/FastLogger.o )
In-place registering fast-logger-2.4.6...
Running Haddock for fast-logger-2.4.6...
Running hscolour for fast-logger-2.4.6...
Preprocessing library fast-logger-2.4.6...
Preprocessing library fast-logger-2.4.6...
Warning: The documentation for the following packages are not installed. No
links will be generated to these packages: bytestring-builder-0.10.6.0.0
Haddock coverage:
  75% (  6 /  8) in 'System.Log.FastLogger.LogStr'
  Missing documentation for:
    Module header
    ToLogStr (System/Log/FastLogger/LogStr.hs:62)
  83% (  5 /  6) in 'System.Log.FastLogger.IORef'
  Missing documentation for:
    Module header
   0% (  0 /  7) in 'System.Log.FastLogger.FileIO'
  Missing documentation for:
    Module header
    FD (System/Log/FastLogger/FileIO.hs:48)
    closeFD (System/Log/FastLogger/FileIO.hs:50)
    openFileFD (System/Log/FastLogger/FileIO.hs:53)
    getStderrFD (System/Log/FastLogger/FileIO.hs:56)
    getStdoutFD (System/Log/FastLogger/FileIO.hs:59)
    writeRawBufferPtr2FD (System/Log/FastLogger/FileIO.hs:62)
  29% (  2 /  7) in 'System.Log.FastLogger.IO'
  Missing documentation for:
    Module header
    Buffer (System/Log/FastLogger/IO.hs:15)
    getBuffer (System/Log/FastLogger/IO.hs:24)
    freeBuffer (System/Log/FastLogger/IO.hs:27)
    toBufIOWith (System/Log/FastLogger/IO.hs:30)
   0% (  0 /  5) in 'System.Log.FastLogger.Logger'
  Missing documentation for:
    Module header
    Logger (System/Log/FastLogger/Logger.hs:21)
    newLogger (System/Log/FastLogger/Logger.hs:25)
    pushLog (System/Log/FastLogger/Logger.hs:34)
    flushLog (System/Log/FastLogger/Logger.hs:51)
  75% (  3 /  4) in 'System.Log.FastLogger.File'
  Missing documentation for:
    Module header
  88% (  7 /  8) in 'System.Log.FastLogger.Date'
  Missing documentation for:
    TimeFormat (System/Log/FastLogger/Date.hs:36)
  97% ( 34 / 35) in 'System.Log.FastLogger'
  Missing documentation for:
    ToLogStr (System/Log/FastLogger/LogStr.hs:62)
Documentation created:
.stack-work/dist/x86_64-linux/Cabal-1.22.5.0/doc/html/fast-logger/index.html,
.stack-work/dist/x86_64-linux/Cabal-1.22.5.0/doc/html/fast-logger/fast-logger.txt
Installing library in
/home/d/.stack/snapshots/x86_64-linux/lts-6.0/7.10.3/lib/x86_64-linux-ghc-7.10.3/fast-logger-2.4.6-KNzHEmV4CAC3sAdPGCavvx
Registering fast-logger-2.4.6...
