Configuring http-types-0.9...
Building http-types-0.9...
Preprocessing library http-types-0.9...
[1 of 7] Compiling Network.HTTP.Types.Version ( Network/HTTP/Types/Version.hs, .stack-work/dist/x86_64-linux/Cabal-1.22.5.0/build/Network/HTTP/Types/Version.o )
[2 of 7] Compiling Network.HTTP.Types.URI ( Network/HTTP/Types/URI.hs, .stack-work/dist/x86_64-linux/Cabal-1.22.5.0/build/Network/HTTP/Types/URI.o )

Network/HTTP/Types/URI.hs:148:26: Warning:
    In the use of ‘B.breakByte’ (imported from Data.ByteString):
    Deprecated: "It is an internal function and should never have been exported. Use 'break (== x)' instead. (There are rewrite rules that handle this special case of 'break'.)"

Network/HTTP/Types/URI.hs:283:22: Warning:
    In the use of ‘B.breakByte’ (imported from Data.ByteString):
    Deprecated: "It is an internal function and should never have been exported. Use 'break (== x)' instead. (There are rewrite rules that handle this special case of 'break'.)"

Network/HTTP/Types/URI.hs:313:20: Warning:
    In the use of ‘B.breakByte’ (imported from Data.ByteString):
    Deprecated: "It is an internal function and should never have been exported. Use 'break (== x)' instead. (There are rewrite rules that handle this special case of 'break'.)"

Network/HTTP/Types/URI.hs:325:18: Warning:
    In the use of ‘B.breakByte’ (imported from Data.ByteString):
    Deprecated: "It is an internal function and should never have been exported. Use 'break (== x)' instead. (There are rewrite rules that handle this special case of 'break'.)"
[3 of 7] Compiling Network.HTTP.Types.Status ( Network/HTTP/Types/Status.hs, .stack-work/dist/x86_64-linux/Cabal-1.22.5.0/build/Network/HTTP/Types/Status.o )
[4 of 7] Compiling Network.HTTP.Types.QueryLike ( Network/HTTP/Types/QueryLike.hs, .stack-work/dist/x86_64-linux/Cabal-1.22.5.0/build/Network/HTTP/Types/QueryLike.o )
[5 of 7] Compiling Network.HTTP.Types.Method ( Network/HTTP/Types/Method.hs, .stack-work/dist/x86_64-linux/Cabal-1.22.5.0/build/Network/HTTP/Types/Method.o )
[6 of 7] Compiling Network.HTTP.Types.Header ( Network/HTTP/Types/Header.hs, .stack-work/dist/x86_64-linux/Cabal-1.22.5.0/build/Network/HTTP/Types/Header.o )
[7 of 7] Compiling Network.HTTP.Types ( Network/HTTP/Types.hs, .stack-work/dist/x86_64-linux/Cabal-1.22.5.0/build/Network/HTTP/Types.o )
In-place registering http-types-0.9...
Running Haddock for http-types-0.9...
Running hscolour for http-types-0.9...
Preprocessing library http-types-0.9...
Preprocessing library http-types-0.9...

Network/HTTP/Types/URI.hs:148:26: Warning:
    In the use of ‘B.breakByte’ (imported from Data.ByteString):
    Deprecated: "It is an internal function and should never have been exported. Use 'break (== x)' instead. (There are rewrite rules that handle this special case of 'break'.)"

Network/HTTP/Types/URI.hs:283:22: Warning:
    In the use of ‘B.breakByte’ (imported from Data.ByteString):
    Deprecated: "It is an internal function and should never have been exported. Use 'break (== x)' instead. (There are rewrite rules that handle this special case of 'break'.)"

Network/HTTP/Types/URI.hs:313:20: Warning:
    In the use of ‘B.breakByte’ (imported from Data.ByteString):
    Deprecated: "It is an internal function and should never have been exported. Use 'break (== x)' instead. (There are rewrite rules that handle this special case of 'break'.)"

Network/HTTP/Types/URI.hs:325:18: Warning:
    In the use of ‘B.breakByte’ (imported from Data.ByteString):
    Deprecated: "It is an internal function and should never have been exported. Use 'break (== x)' instead. (There are rewrite rules that handle this special case of 'break'.)"
Haddock coverage:
  80% (  4 /  5) in 'Network.HTTP.Types.Version'
  Missing documentation for:
    Module header
  97% ( 29 / 30) in 'Network.HTTP.Types.URI'
  Missing documentation for:
    Module header
  99% ( 99 /100) in 'Network.HTTP.Types.Status'
  Missing documentation for:
    Module header
  75% (  3 /  4) in 'Network.HTTP.Types.QueryLike'
  Missing documentation for:
    Module header
  93% ( 14 / 15) in 'Network.HTTP.Types.Method'
  Missing documentation for:
    Module header
  92% ( 57 / 62) in 'Network.HTTP.Types.Header'
  Missing documentation for:
    Module header
    renderByteRangeBuilder (Network/HTTP/Types/Header.hs:153)
    renderByteRange (Network/HTTP/Types/Header.hs:158)
    renderByteRangesBuilder (Network/HTTP/Types/Header.hs:164)
    renderByteRanges (Network/HTTP/Types/Header.hs:168)
  97% (171 /176) in 'Network.HTTP.Types'
  Missing documentation for:
    Module header
    renderByteRangeBuilder (Network/HTTP/Types/Header.hs:153)
    renderByteRange (Network/HTTP/Types/Header.hs:158)
    renderByteRangesBuilder (Network/HTTP/Types/Header.hs:164)
    renderByteRanges (Network/HTTP/Types/Header.hs:168)
Documentation created:
.stack-work/dist/x86_64-linux/Cabal-1.22.5.0/doc/html/http-types/index.html,
.stack-work/dist/x86_64-linux/Cabal-1.22.5.0/doc/html/http-types/http-types.txt
Installing library in
/home/d/.stack/snapshots/x86_64-linux/lts-6.0/7.10.3/lib/x86_64-linux-ghc-7.10.3/http-types-0.9-3XWhJOowRHmDxzVltu1srY
Registering http-types-0.9...
