Configuring http-date-0.0.6.1...
Building http-date-0.0.6.1...
Preprocessing library http-date-0.0.6.1...
[1 of 5] Compiling Network.HTTP.Date.Types ( Network/HTTP/Date/Types.hs, .stack-work/dist/x86_64-linux/Cabal-1.22.5.0/build/Network/HTTP/Date/Types.o )
[2 of 5] Compiling Network.HTTP.Date.Converter ( Network/HTTP/Date/Converter.hs, .stack-work/dist/x86_64-linux/Cabal-1.22.5.0/build/Network/HTTP/Date/Converter.o )

Network/HTTP/Date/Converter.hs:4:1: Warning:
    The import of ‘Control.Applicative’ is redundant
      except perhaps to import instances from ‘Control.Applicative’
    To import instances alone, use: import Control.Applicative()

Network/HTTP/Date/Converter.hs:61:19: Warning:
    In the use of ‘inlinePerformIO’
    (imported from Data.ByteString.Internal):
    Deprecated: "If you think you know what you are doing, use 'unsafePerformIO'. If you are sure you know what you are doing, use 'unsafeDupablePerformIO'. If you enjoy sharing an address space with a malevolent agent of chaos, try 'accursedUnutterablePerformIO'."
[3 of 5] Compiling Network.HTTP.Date.Formatter ( Network/HTTP/Date/Formatter.hs, .stack-work/dist/x86_64-linux/Cabal-1.22.5.0/build/Network/HTTP/Date/Formatter.o )
[4 of 5] Compiling Network.HTTP.Date.Parser ( Network/HTTP/Date/Parser.hs, .stack-work/dist/x86_64-linux/Cabal-1.22.5.0/build/Network/HTTP/Date/Parser.o )
[5 of 5] Compiling Network.HTTP.Date ( Network/HTTP/Date.hs, .stack-work/dist/x86_64-linux/Cabal-1.22.5.0/build/Network/HTTP/Date.o )
In-place registering http-date-0.0.6.1...
Running Haddock for http-date-0.0.6.1...
Running hscolour for http-date-0.0.6.1...
Preprocessing library http-date-0.0.6.1...
Preprocessing library http-date-0.0.6.1...

Network/HTTP/Date/Converter.hs:4:1: Warning:
    The import of ‘Control.Applicative’ is redundant
      except perhaps to import instances from ‘Control.Applicative’
    To import instances alone, use: import Control.Applicative()

Network/HTTP/Date/Converter.hs:61:19: Warning:
    In the use of ‘inlinePerformIO’
    (imported from Data.ByteString.Internal):
    Deprecated: "If you think you know what you are doing, use 'unsafePerformIO'. If you are sure you know what you are doing, use 'unsafeDupablePerformIO'. If you enjoy sharing an address space with a malevolent agent of chaos, try 'accursedUnutterablePerformIO'."
Haddock coverage:
  20% (  2 / 10) in 'Network.HTTP.Date.Types'
  Missing documentation for:
    Module header
    hdYear (Network/HTTP/Date/Types.hs:18)
    hdMonth (Network/HTTP/Date/Types.hs:19)
    hdDay (Network/HTTP/Date/Types.hs:20)
    hdHour (Network/HTTP/Date/Types.hs:21)
    hdMinute (Network/HTTP/Date/Types.hs:22)
    hdSecond (Network/HTTP/Date/Types.hs:23)
    hdWkday (Network/HTTP/Date/Types.hs:24)
  50% (  1 /  2) in 'Network.HTTP.Date.Converter'
  Missing documentation for:
    Module header
  50% (  1 /  2) in 'Network.HTTP.Date.Formatter'
  Missing documentation for:
    Module header
  50% (  1 /  2) in 'Network.HTTP.Date.Parser'
  Missing documentation for:
    Module header
  50% (  7 / 14) in 'Network.HTTP.Date'
  Missing documentation for:
    hdYear (Network/HTTP/Date/Types.hs:18)
    hdMonth (Network/HTTP/Date/Types.hs:19)
    hdDay (Network/HTTP/Date/Types.hs:20)
    hdHour (Network/HTTP/Date/Types.hs:21)
    hdMinute (Network/HTTP/Date/Types.hs:22)
    hdSecond (Network/HTTP/Date/Types.hs:23)
    hdWkday (Network/HTTP/Date/Types.hs:24)
Documentation created:
.stack-work/dist/x86_64-linux/Cabal-1.22.5.0/doc/html/http-date/index.html,
.stack-work/dist/x86_64-linux/Cabal-1.22.5.0/doc/html/http-date/http-date.txt
Installing library in
/home/d/.stack/snapshots/x86_64-linux/lts-6.0/7.10.3/lib/x86_64-linux-ghc-7.10.3/http-date-0.0.6.1-5DCnWjYhsQa9SYTqbDecLX
Registering http-date-0.0.6.1...
