Configuring lifted-base-0.2.3.6...
Building lifted-base-0.2.3.6...
Preprocessing library lifted-base-0.2.3.6...
[1 of 9] Compiling System.Timeout.Lifted ( System/Timeout/Lifted.hs, .stack-work/dist/x86_64-linux/Cabal-1.22.5.0/build/System/Timeout/Lifted.o )

System/Timeout/Lifted.hs:4:14: Warning:
    ‘System.Timeout.Lifted’ is marked as Trustworthy but has been inferred as safe!
[2 of 9] Compiling Foreign.Marshal.Utils.Lifted ( Foreign/Marshal/Utils/Lifted.hs, .stack-work/dist/x86_64-linux/Cabal-1.22.5.0/build/Foreign/Marshal/Utils/Lifted.o )

Foreign/Marshal/Utils/Lifted.hs:6:14: Warning:
    ‘Foreign.Marshal.Utils.Lifted’ is marked as Trustworthy but has been inferred as safe!
[3 of 9] Compiling Data.IORef.Lifted ( Data/IORef/Lifted.hs, .stack-work/dist/x86_64-linux/Cabal-1.22.5.0/build/Data/IORef/Lifted.o )

Data/IORef/Lifted.hs:6:14: Warning:
    ‘Data.IORef.Lifted’ is marked as Trustworthy but has been inferred as safe!
[4 of 9] Compiling Control.Concurrent.QSemN.Lifted ( Control/Concurrent/QSemN/Lifted.hs, .stack-work/dist/x86_64-linux/Cabal-1.22.5.0/build/Control/Concurrent/QSemN/Lifted.o )

Control/Concurrent/QSemN/Lifted.hs:7:14: Warning:
    ‘Control.Concurrent.QSemN.Lifted’ is marked as Trustworthy but has been inferred as safe!
[5 of 9] Compiling Control.Concurrent.QSem.Lifted ( Control/Concurrent/QSem/Lifted.hs, .stack-work/dist/x86_64-linux/Cabal-1.22.5.0/build/Control/Concurrent/QSem/Lifted.o )

Control/Concurrent/QSem/Lifted.hs:7:14: Warning:
    ‘Control.Concurrent.QSem.Lifted’ is marked as Trustworthy but has been inferred as safe!
[6 of 9] Compiling Control.Concurrent.Chan.Lifted ( Control/Concurrent/Chan/Lifted.hs, .stack-work/dist/x86_64-linux/Cabal-1.22.5.0/build/Control/Concurrent/Chan/Lifted.o )

Control/Concurrent/Chan/Lifted.hs:6:14: Warning:
    ‘Control.Concurrent.Chan.Lifted’ is marked as Trustworthy but has been inferred as safe!
[7 of 9] Compiling Control.Concurrent.MVar.Lifted ( Control/Concurrent/MVar/Lifted.hs, .stack-work/dist/x86_64-linux/Cabal-1.22.5.0/build/Control/Concurrent/MVar/Lifted.o )

Control/Concurrent/MVar/Lifted.hs:7:14: Warning:
    ‘Control.Concurrent.MVar.Lifted’ is marked as Trustworthy but has been inferred as safe!
[8 of 9] Compiling Control.Exception.Lifted ( Control/Exception/Lifted.hs, .stack-work/dist/x86_64-linux/Cabal-1.22.5.0/build/Control/Exception/Lifted.o )

Control/Exception/Lifted.hs:11:14: Warning:
    ‘Control.Exception.Lifted’ is marked as Trustworthy but has been inferred as safe!
[9 of 9] Compiling Control.Concurrent.Lifted ( Control/Concurrent/Lifted.hs, .stack-work/dist/x86_64-linux/Cabal-1.22.5.0/build/Control/Concurrent/Lifted.o )

Control/Concurrent/Lifted.hs:4:14: Warning:
    ‘Control.Concurrent.Lifted’ is marked as Trustworthy but has been inferred as safe!
In-place registering lifted-base-0.2.3.6...
Running Haddock for lifted-base-0.2.3.6...
Running hscolour for lifted-base-0.2.3.6...
Preprocessing library lifted-base-0.2.3.6...
Preprocessing library lifted-base-0.2.3.6...
Warning: The documentation for the following packages are not installed. No
links will be generated to these packages: transformers-compat-0.4.0.4

System/Timeout/Lifted.hs:4:14: Warning:
    ‘System.Timeout.Lifted’ is marked as Trustworthy but has been inferred as safe!

Foreign/Marshal/Utils/Lifted.hs:6:14: Warning:
    ‘Foreign.Marshal.Utils.Lifted’ is marked as Trustworthy but has been inferred as safe!

Data/IORef/Lifted.hs:6:14: Warning:
    ‘Data.IORef.Lifted’ is marked as Trustworthy but has been inferred as safe!

Control/Concurrent/QSemN/Lifted.hs:7:14: Warning:
    ‘Control.Concurrent.QSemN.Lifted’ is marked as Trustworthy but has been inferred as safe!

Control/Concurrent/QSem/Lifted.hs:7:14: Warning:
    ‘Control.Concurrent.QSem.Lifted’ is marked as Trustworthy but has been inferred as safe!

Control/Concurrent/Chan/Lifted.hs:6:14: Warning:
    ‘Control.Concurrent.Chan.Lifted’ is marked as Trustworthy but has been inferred as safe!

Control/Concurrent/MVar/Lifted.hs:7:14: Warning:
    ‘Control.Concurrent.MVar.Lifted’ is marked as Trustworthy but has been inferred as safe!

Control/Exception/Lifted.hs:11:14: Warning:
    ‘Control.Exception.Lifted’ is marked as Trustworthy but has been inferred as safe!

Control/Concurrent/Lifted.hs:4:14: Warning:
    ‘Control.Concurrent.Lifted’ is marked as Trustworthy but has been inferred as safe!
Haddock coverage:
 100% (  2 /  2) in 'System.Timeout.Lifted'
 100% (  2 /  2) in 'Foreign.Marshal.Utils.Lifted'
 100% ( 11 / 11) in 'Data.IORef.Lifted'
 100% (  5 /  5) in 'Control.Concurrent.QSemN.Lifted'
 100% (  5 /  5) in 'Control.Concurrent.QSem.Lifted'
 100% (  8 /  8) in 'Control.Concurrent.Chan.Lifted'
 100% ( 19 / 19) in 'Control.Concurrent.MVar.Lifted'
 100% ( 36 / 36) in 'Control.Exception.Lifted'
 100% ( 36 / 36) in 'Control.Concurrent.Lifted'
Documentation created:
.stack-work/dist/x86_64-linux/Cabal-1.22.5.0/doc/html/lifted-base/index.html,
.stack-work/dist/x86_64-linux/Cabal-1.22.5.0/doc/html/lifted-base/lifted-base.txt
Installing library in
/home/d/.stack/snapshots/x86_64-linux/lts-6.0/7.10.3/lib/x86_64-linux-ghc-7.10.3/lifted-base-0.2.3.6-DoOvgrTvmEtENHs0ypaZTR
Registering lifted-base-0.2.3.6...
