Configuring psqueues-0.2.2.1...
Building psqueues-0.2.2.1...
Preprocessing library psqueues-0.2.2.1...
[1 of 7] Compiling Data.BitUtil     ( src/Data/BitUtil.hs, .stack-work/dist/x86_64-linux/Cabal-1.22.5.0/build/Data/BitUtil.o )
[2 of 7] Compiling Data.OrdPSQ.Internal ( src/Data/OrdPSQ/Internal.hs, .stack-work/dist/x86_64-linux/Cabal-1.22.5.0/build/Data/OrdPSQ/Internal.o )

src/Data/OrdPSQ/Internal.hs:6:14: Warning:
    ‘Data.OrdPSQ.Internal’ is marked as Trustworthy but has been inferred as safe!

src/Data/OrdPSQ/Internal.hs:75:1: Warning:
    The import of ‘Data.Traversable’ is redundant
      except perhaps to import instances from ‘Data.Traversable’
    To import instances alone, use: import Data.Traversable()
[3 of 7] Compiling Data.OrdPSQ      ( src/Data/OrdPSQ.hs, .stack-work/dist/x86_64-linux/Cabal-1.22.5.0/build/Data/OrdPSQ.o )

src/Data/OrdPSQ.hs:15:14: Warning:
    ‘Data.OrdPSQ’ is marked as Trustworthy but has been inferred as safe!
[4 of 7] Compiling Data.IntPSQ.Internal ( src/Data/IntPSQ/Internal.hs, .stack-work/dist/x86_64-linux/Cabal-1.22.5.0/build/Data/IntPSQ/Internal.o )

src/Data/IntPSQ/Internal.hs:64:1: Warning:
    The import of ‘Control.Applicative’ is redundant
      except perhaps to import instances from ‘Control.Applicative’
    To import instances alone, use: import Control.Applicative()

src/Data/IntPSQ/Internal.hs:69:1: Warning:
    The import of ‘Data.Foldable’ is redundant
      except perhaps to import instances from ‘Data.Foldable’
    To import instances alone, use: import Data.Foldable()

src/Data/IntPSQ/Internal.hs:72:1: Warning:
    The import of ‘Data.Word’ is redundant
      except perhaps to import instances from ‘Data.Word’
    To import instances alone, use: import Data.Word()

src/Data/IntPSQ/Internal.hs:79:1: Warning:
    The import of ‘Data.Traversable’ is redundant
      except perhaps to import instances from ‘Data.Traversable’
    To import instances alone, use: import Data.Traversable()
[5 of 7] Compiling Data.IntPSQ      ( src/Data/IntPSQ.hs, .stack-work/dist/x86_64-linux/Cabal-1.22.5.0/build/Data/IntPSQ.o )
[6 of 7] Compiling Data.HashPSQ.Internal ( src/Data/HashPSQ/Internal.hs, .stack-work/dist/x86_64-linux/Cabal-1.22.5.0/build/Data/HashPSQ/Internal.o )

src/Data/HashPSQ/Internal.hs:57:1: Warning:
    The import of ‘Data.Foldable’ is redundant
      except perhaps to import instances from ‘Data.Foldable’
    To import instances alone, use: import Data.Foldable()

src/Data/HashPSQ/Internal.hs:62:1: Warning:
    The import of ‘Data.Traversable’ is redundant
      except perhaps to import instances from ‘Data.Traversable’
    To import instances alone, use: import Data.Traversable()
[7 of 7] Compiling Data.HashPSQ     ( src/Data/HashPSQ.hs, .stack-work/dist/x86_64-linux/Cabal-1.22.5.0/build/Data/HashPSQ.o )
In-place registering psqueues-0.2.2.1...
Running Haddock for psqueues-0.2.2.1...
Running hscolour for psqueues-0.2.2.1...
Preprocessing library psqueues-0.2.2.1...
Preprocessing library psqueues-0.2.2.1...

src/Data/OrdPSQ/Internal.hs:6:14: Warning:
    ‘Data.OrdPSQ.Internal’ is marked as Trustworthy but has been inferred as safe!

src/Data/OrdPSQ/Internal.hs:75:1: Warning:
    The import of ‘Data.Traversable’ is redundant
      except perhaps to import instances from ‘Data.Traversable’
    To import instances alone, use: import Data.Traversable()

src/Data/OrdPSQ.hs:15:14: Warning:
    ‘Data.OrdPSQ’ is marked as Trustworthy but has been inferred as safe!

src/Data/IntPSQ/Internal.hs:64:1: Warning:
    The import of ‘Control.Applicative’ is redundant
      except perhaps to import instances from ‘Control.Applicative’
    To import instances alone, use: import Control.Applicative()

src/Data/IntPSQ/Internal.hs:69:1: Warning:
    The import of ‘Data.Foldable’ is redundant
      except perhaps to import instances from ‘Data.Foldable’
    To import instances alone, use: import Data.Foldable()

src/Data/IntPSQ/Internal.hs:72:1: Warning:
    The import of ‘Data.Word’ is redundant
      except perhaps to import instances from ‘Data.Word’
    To import instances alone, use: import Data.Word()

src/Data/IntPSQ/Internal.hs:79:1: Warning:
    The import of ‘Data.Traversable’ is redundant
      except perhaps to import instances from ‘Data.Traversable’
    To import instances alone, use: import Data.Traversable()

src/Data/HashPSQ/Internal.hs:57:1: Warning:
    The import of ‘Data.Foldable’ is redundant
      except perhaps to import instances from ‘Data.Foldable’
    To import instances alone, use: import Data.Foldable()

src/Data/HashPSQ/Internal.hs:62:1: Warning:
    The import of ‘Data.Traversable’ is redundant
      except perhaps to import instances from ‘Data.Traversable’
    To import instances alone, use: import Data.Traversable()
Haddock coverage:
 100% (  2 /  2) in 'Data.BitUtil'
  71% ( 36 / 51) in 'Data.OrdPSQ.Internal'
  Missing documentation for:
    Module header
    LTree (src/Data/OrdPSQ/Internal.hs:111)
    TourView (src/Data/OrdPSQ/Internal.hs:397)
    tourView (src/Data/OrdPSQ/Internal.hs:402)
    left (src/Data/OrdPSQ/Internal.hs:442)
    right (src/Data/OrdPSQ/Internal.hs:442)
    maxKey (src/Data/OrdPSQ/Internal.hs:452)
    lsingleLeft (src/Data/OrdPSQ/Internal.hs:503)
    rsingleLeft (src/Data/OrdPSQ/Internal.hs:515)
    lsingleRight (src/Data/OrdPSQ/Internal.hs:522)
    rsingleRight (src/Data/OrdPSQ/Internal.hs:529)
    ldoubleLeft (src/Data/OrdPSQ/Internal.hs:541)
    rdoubleLeft (src/Data/OrdPSQ/Internal.hs:559)
    ldoubleRight (src/Data/OrdPSQ/Internal.hs:550)
    rdoubleRight (src/Data/OrdPSQ/Internal.hs:568)
 100% ( 33 / 33) in 'Data.OrdPSQ'
  80% ( 37 / 46) in 'Data.IntPSQ.Internal'
  Missing documentation for:
    Module header
    Nat (src/Data/IntPSQ/Internal.hs:97)
    Key (src/Data/IntPSQ/Internal.hs:99)
    unsafeInsertIncreasePriorityView (src/Data/IntPSQ/Internal.hs:511)
    unsafeInsertWithIncreasePriorityView (src/Data/IntPSQ/Internal.hs:548)
    hasBadNils (src/Data/IntPSQ/Internal.hs:640)
    hasDuplicateKeys (src/Data/IntPSQ/Internal.hs:647)
    hasMinHeapProperty (src/Data/IntPSQ/Internal.hs:658)
    validMask (src/Data/IntPSQ/Internal.hs:672)
 100% ( 32 / 32) in 'Data.IntPSQ'
  87% ( 33 / 38) in 'Data.HashPSQ.Internal'
  Missing documentation for:
    Module header
    Bucket (src/Data/HashPSQ/Internal.hs:71)
    unsafeLookupIncreasePriority (src/Data/HashPSQ/Internal.hs:373)
    unsafeInsertIncreasePriority (src/Data/HashPSQ/Internal.hs:394)
    unsafeInsertIncreasePriorityView (src/Data/HashPSQ/Internal.hs:409)
 100% ( 32 / 32) in 'Data.HashPSQ'
Documentation created:
.stack-work/dist/x86_64-linux/Cabal-1.22.5.0/doc/html/psqueues/index.html,
.stack-work/dist/x86_64-linux/Cabal-1.22.5.0/doc/html/psqueues/psqueues.txt
Installing library in
/home/d/.stack/snapshots/x86_64-linux/lts-6.0/7.10.3/lib/x86_64-linux-ghc-7.10.3/psqueues-0.2.2.1-AvLcbKUIB1yCm8wZoS0YR7
Registering psqueues-0.2.2.1...
