Configuring streaming-commons-0.1.15.5...
Building streaming-commons-0.1.15.5...
Preprocessing library streaming-commons-0.1.15.5...
[ 1 of 18] Compiling Data.Streaming.Zlib.Lowlevel ( Data/Streaming/Zlib/Lowlevel.hs, .stack-work/dist/x86_64-linux/Cabal-1.22.5.0/build/Data/Streaming/Zlib/Lowlevel.o )
[ 2 of 18] Compiling Data.Streaming.Zlib ( Data/Streaming/Zlib.hs, .stack-work/dist/x86_64-linux/Cabal-1.22.5.0/build/Data/Streaming/Zlib.o )
[ 3 of 18] Compiling Data.Text.Internal.Unsafe.Shift ( Data/Text/Internal/Unsafe/Shift.hs, .stack-work/dist/x86_64-linux/Cabal-1.22.5.0/build/Data/Text/Internal/Unsafe/Shift.o )
[ 4 of 18] Compiling Data.Text.Internal.Unsafe.Char ( Data/Text/Internal/Unsafe/Char.hs, .stack-work/dist/x86_64-linux/Cabal-1.22.5.0/build/Data/Text/Internal/Unsafe/Char.o )
[ 5 of 18] Compiling Data.Text.Internal.Encoding.Utf8 ( Data/Text/Internal/Encoding/Utf8.hs, .stack-work/dist/x86_64-linux/Cabal-1.22.5.0/build/Data/Text/Internal/Encoding/Utf8.o )
[ 6 of 18] Compiling Data.Text.Internal.Encoding.Utf32 ( Data/Text/Internal/Encoding/Utf32.hs, .stack-work/dist/x86_64-linux/Cabal-1.22.5.0/build/Data/Text/Internal/Encoding/Utf32.o )
[ 7 of 18] Compiling Data.Text.Internal.Encoding.Utf16 ( Data/Text/Internal/Encoding/Utf16.hs, .stack-work/dist/x86_64-linux/Cabal-1.22.5.0/build/Data/Text/Internal/Encoding/Utf16.o )
[ 8 of 18] Compiling Data.Streaming.Text ( Data/Streaming/Text.hs, .stack-work/dist/x86_64-linux/Cabal-1.22.5.0/build/Data/Streaming/Text.o )
[ 9 of 18] Compiling Data.Streaming.Process.Internal ( Data/Streaming/Process/Internal.hs, .stack-work/dist/x86_64-linux/Cabal-1.22.5.0/build/Data/Streaming/Process/Internal.o )
[10 of 18] Compiling Data.Streaming.Process ( Data/Streaming/Process.hs, .stack-work/dist/x86_64-linux/Cabal-1.22.5.0/build/Data/Streaming/Process.o )
[11 of 18] Compiling Data.Streaming.Network.Internal ( Data/Streaming/Network/Internal.hs, .stack-work/dist/x86_64-linux/Cabal-1.22.5.0/build/Data/Streaming/Network/Internal.o )
[12 of 18] Compiling Data.Streaming.Network ( Data/Streaming/Network.hs, .stack-work/dist/x86_64-linux/Cabal-1.22.5.0/build/Data/Streaming/Network.o )
[13 of 18] Compiling Data.Streaming.Filesystem ( Data/Streaming/Filesystem.hs, .stack-work/dist/x86_64-linux/Cabal-1.22.5.0/build/Data/Streaming/Filesystem.o )
[14 of 18] Compiling Data.Streaming.FileRead ( Data/Streaming/FileRead.hs, .stack-work/dist/x86_64-linux/Cabal-1.22.5.0/build/Data/Streaming/FileRead.o )
[15 of 18] Compiling Data.Streaming.ByteString.Builder.Buffer ( Data/Streaming/ByteString/Builder/Buffer.hs, .stack-work/dist/x86_64-linux/Cabal-1.22.5.0/build/Data/Streaming/ByteString/Builder/Buffer.o )
[16 of 18] Compiling Data.Streaming.ByteString.Builder ( Data/Streaming/ByteString/Builder.hs, .stack-work/dist/x86_64-linux/Cabal-1.22.5.0/build/Data/Streaming/ByteString/Builder.o )
[17 of 18] Compiling Data.Streaming.ByteString.Builder.Class ( Data/Streaming/ByteString/Builder/Class.hs, .stack-work/dist/x86_64-linux/Cabal-1.22.5.0/build/Data/Streaming/ByteString/Builder/Class.o )
[18 of 18] Compiling Data.Streaming.Blaze ( Data/Streaming/Blaze.hs, .stack-work/dist/x86_64-linux/Cabal-1.22.5.0/build/Data/Streaming/Blaze.o )
In-place registering streaming-commons-0.1.15.5...
Running Haddock for streaming-commons-0.1.15.5...
Running hscolour for streaming-commons-0.1.15.5...
Preprocessing library streaming-commons-0.1.15.5...
Preprocessing library streaming-commons-0.1.15.5...
Haddock coverage:
   0% (  0 / 21) in 'Data.Streaming.Zlib.Lowlevel'
  Missing documentation for:
    Module header
    ZStreamStruct (Data/Streaming/Zlib/Lowlevel.hs:30)
    ZStream' (Data/Streaming/Zlib/Lowlevel.hs:31)
    zstreamNew (Data/Streaming/Zlib/Lowlevel.hs:41)
    Strategy (Data/Streaming/Zlib/Lowlevel.hs:33)
    deflateInit2 (Data/Streaming/Zlib/Lowlevel.hs:48)
    inflateInit2 (Data/Streaming/Zlib/Lowlevel.hs:57)
    c_free_z_stream_inflate (Data/Streaming/Zlib/Lowlevel.hs:60)
    c_free_z_stream_deflate (Data/Streaming/Zlib/Lowlevel.hs:63)
    c_set_avail_in (Data/Streaming/Zlib/Lowlevel.hs:66)
    c_set_avail_out (Data/Streaming/Zlib/Lowlevel.hs:69)
    c_get_avail_out (Data/Streaming/Zlib/Lowlevel.hs:72)
    c_get_avail_in (Data/Streaming/Zlib/Lowlevel.hs:75)
    c_get_next_in (Data/Streaming/Zlib/Lowlevel.hs:78)
    c_call_inflate_noflush (Data/Streaming/Zlib/Lowlevel.hs:81)
    c_call_deflate_noflush (Data/Streaming/Zlib/Lowlevel.hs:84)
    c_call_deflate_finish (Data/Streaming/Zlib/Lowlevel.hs:87)
    c_call_deflate_flush (Data/Streaming/Zlib/Lowlevel.hs:90)
    c_call_deflate_full_flush (Data/Streaming/Zlib/Lowlevel.hs:93)
    c_call_deflate_set_dictionary (Data/Streaming/Zlib/Lowlevel.hs:96)
    c_call_inflate_set_dictionary (Data/Streaming/Zlib/Lowlevel.hs:99)
  96% ( 22 / 23) in 'Data.Streaming.Zlib'
  Missing documentation for:
    PopperRes (Data/Streaming/Zlib.hs:208)
  75% (  3 /  4) in 'Data.Streaming.Process.Internal'
  Missing documentation for:
    Module header
 100% ( 23 / 23) in 'Data.Streaming.Process'
  89% (  8 /  9) in 'Data.Streaming.Network.Internal'
  Missing documentation for:
    Module header
  68% ( 51 / 75) in 'Data.Streaming.Network'
  Missing documentation for:
    Module header
    message (Data/Streaming/Network.hs:482)
    HasPort (Data/Streaming/Network.hs:485)
    HasAfterBind (Data/Streaming/Network.hs:537)
    HasReadWrite (Data/Streaming/Network.hs:655)
    HasPath (Data/Streaming/Network.hs:517)
    setPort (Data/Streaming/Network.hs:495)
    setHost (Data/Streaming/Network.hs:498)
    setAfterBind (Data/Streaming/Network.hs:549)
    setNeedLocalAddr (Data/Streaming/Network.hs:531)
    setPath (Data/Streaming/Network.hs:527)
    getPort (Data/Streaming/Network.hs:492)
    getHost (Data/Streaming/Network.hs:501)
    getAfterBind (Data/Streaming/Network.hs:546)
    getNeedLocalAddr (Data/Streaming/Network.hs:534)
    getPath (Data/Streaming/Network.hs:524)
    appRead (Data/Streaming/Network.hs:667)
    appWrite (Data/Streaming/Network.hs:670)
    appSockAddr (Data/Streaming/Network.hs:639)
    appLocalAddr (Data/Streaming/Network.hs:636)
    unassignedPorts (Data/Streaming/Network.hs:234)
    safeRecv (Data/Streaming/Network.hs:347)
    ConnectionHandle (Data/Streaming/Network.hs:582)
    runTCPServerWithHandle (Data/Streaming/Network.hs:584)
  43% (  3 /  7) in 'Data.Streaming.Filesystem'
  Missing documentation for:
    DirStream
    readDirStream (Data/Streaming/Filesystem.hs:66)
    FileType (Data/Streaming/Filesystem.hs:94)
    getFileType (Data/Streaming/Filesystem.hs:75)
  20% (  1 /  5) in 'Data.Streaming.FileRead'
  Missing documentation for:
    ReadHandle (Data/Streaming/FileRead.hs:26)
    openFile (Data/Streaming/FileRead.hs:28)
    closeFile (Data/Streaming/FileRead.hs:31)
    readChunk (Data/Streaming/FileRead.hs:34)
  95% ( 19 / 20) in 'Data.Streaming.ByteString.Builder.Buffer'
  Missing documentation for:
    defaultStrategy (Data/Streaming/ByteString/Builder/Buffer.hs:207)
  85% ( 23 / 27) in 'Data.Streaming.ByteString.Builder'
  Missing documentation for:
    BuilderRecv (Data/Streaming/ByteString/Builder.hs:74)
    BuilderFinish (Data/Streaming/ByteString/Builder.hs:76)
    newByteStringBuilderRecv (Data/Streaming/ByteString/Builder.hs:78)
    defaultStrategy (Data/Streaming/ByteString/Builder/Buffer.hs:207)
 100% (  3 /  3) in 'Data.Streaming.ByteString.Builder.Class'
  83% ( 19 / 23) in 'Data.Streaming.Blaze'
  Missing documentation for:
    BlazeRecv (Data/Streaming/Blaze.hs:148)
    BlazeFinish (Data/Streaming/Blaze.hs:150)
    newBlazeRecv (Data/Streaming/Blaze.hs:51)
    defaultStrategy (Data/Streaming/ByteString/Builder/Buffer.hs:207)
  25% (  1 /  4) in 'Data.Text.Internal.Encoding.Utf16'
  Missing documentation for:
    chr2 (Data/Text/Internal/Encoding/Utf16.hs:29)
    validate1 (Data/Text/Internal/Encoding/Utf16.hs:38)
    validate2 (Data/Text/Internal/Encoding/Utf16.hs:42)
 100% (  2 /  2) in 'Data.Text.Internal.Unsafe.Shift'
  33% (  2 /  6) in 'Data.Text.Internal.Unsafe.Char'
  Missing documentation for:
    ord (Data/Text/Internal/Unsafe/Char.hs:39)
    unsafeChr (Data/Text/Internal/Unsafe/Char.hs:43)
    unsafeChr8 (Data/Text/Internal/Unsafe/Char.hs:47)
    unsafeChr32 (Data/Text/Internal/Unsafe/Char.hs:51)
  17% (  2 / 12) in 'Data.Text.Internal.Encoding.Utf8'
  Missing documentation for:
    ord2 (Data/Text/Internal/Encoding/Utf8.hs:58)
    ord3 (Data/Text/Internal/Encoding/Utf8.hs:69)
    ord4 (Data/Text/Internal/Encoding/Utf8.hs:81)
    chr2 (Data/Text/Internal/Encoding/Utf8.hs:94)
    chr3 (Data/Text/Internal/Encoding/Utf8.hs:103)
    chr4 (Data/Text/Internal/Encoding/Utf8.hs:114)
    validate1 (Data/Text/Internal/Encoding/Utf8.hs:128)
    validate2 (Data/Text/Internal/Encoding/Utf8.hs:132)
    validate3 (Data/Text/Internal/Encoding/Utf8.hs:136)
    validate4 (Data/Text/Internal/Encoding/Utf8.hs:153)
  50% (  1 /  2) in 'Data.Text.Internal.Encoding.Utf32'
  Missing documentation for:
    validate (Data/Text/Internal/Encoding/Utf32.hs:24)
  90% (  9 / 10) in 'Data.Streaming.Text'
  Missing documentation for:
    DecodeResult (Data/Streaming/Text.hs:81)
Warning: Data.Streaming.Zlib: could not find link destinations for:
    D1WindowBits C1_0WindowBits C1_1WindowBits
Documentation created:
.stack-work/dist/x86_64-linux/Cabal-1.22.5.0/doc/html/streaming-commons/index.html,
.stack-work/dist/x86_64-linux/Cabal-1.22.5.0/doc/html/streaming-commons/streaming-commons.txt
Installing library in
/home/d/.stack/snapshots/x86_64-linux/lts-6.0/7.10.3/lib/x86_64-linux-ghc-7.10.3/streaming-commons-0.1.15.5-EmmPiWycOZRDBDTh9xaABj
Registering streaming-commons-0.1.15.5...
