Configuring tagged-0.8.4...
Building tagged-0.8.4...
Preprocessing library tagged-0.8.4...
[1 of 2] Compiling Data.Proxy.TH    ( src/Data/Proxy/TH.hs, .stack-work/dist/x86_64-linux/Cabal-1.22.5.0/build/Data/Proxy/TH.o )
[2 of 2] Compiling Data.Tagged      ( src/Data/Tagged.hs, .stack-work/dist/x86_64-linux/Cabal-1.22.5.0/build/Data/Tagged.o )
In-place registering tagged-0.8.4...
Running Haddock for tagged-0.8.4...
Running hscolour for tagged-0.8.4...
Preprocessing library tagged-0.8.4...
Preprocessing library tagged-0.8.4...
Haddock coverage:
  67% (  2 /  3) in 'Data.Proxy.TH'
  Missing documentation for:
    Module header
  93% ( 14 / 15) in 'Data.Tagged'
  Missing documentation for:
    witness (src/Data/Tagged.hs:383)
Documentation created:
.stack-work/dist/x86_64-linux/Cabal-1.22.5.0/doc/html/tagged/index.html,
.stack-work/dist/x86_64-linux/Cabal-1.22.5.0/doc/html/tagged/tagged.txt
Installing library in
/home/d/.stack/snapshots/x86_64-linux/lts-6.0/7.10.3/lib/x86_64-linux-ghc-7.10.3/tagged-0.8.4-LPeicl3HxVfGUMMwMEsAE6
Registering tagged-0.8.4...
