Configuring transformers-base-0.4.4...
Building transformers-base-0.4.4...
Preprocessing library transformers-base-0.4.4...
[1 of 1] Compiling Control.Monad.Base ( src/Control/Monad/Base.hs, .stack-work/dist/x86_64-linux/Cabal-1.22.5.0/build/Control/Monad/Base.o )

src/Control/Monad/Base.hs:22:1: Warning:
    The import of ‘Data.Monoid’ is redundant
      except perhaps to import instances from ‘Data.Monoid’
    To import instances alone, use: import Data.Monoid()

src/Control/Monad/Base.hs:24:1: Warning:
    The import of ‘Control.Applicative’ is redundant
      except perhaps to import instances from ‘Control.Applicative’
    To import instances alone, use: import Control.Applicative()
In-place registering transformers-base-0.4.4...
Running Haddock for transformers-base-0.4.4...
Running hscolour for transformers-base-0.4.4...
Preprocessing library transformers-base-0.4.4...
Preprocessing library transformers-base-0.4.4...
Warning: The documentation for the following packages are not installed. No
links will be generated to these packages: transformers-compat-0.4.0.4

src/Control/Monad/Base.hs:22:1: Warning:
    The import of ‘Data.Monoid’ is redundant
      except perhaps to import instances from ‘Data.Monoid’
    To import instances alone, use: import Data.Monoid()

src/Control/Monad/Base.hs:24:1: Warning:
    The import of ‘Control.Applicative’ is redundant
      except perhaps to import instances from ‘Control.Applicative’
    To import instances alone, use: import Control.Applicative()
Haddock coverage:
  33% (  1 /  3) in 'Control.Monad.Base'
  Missing documentation for:
    Module header
    MonadBase (src/Control/Monad/Base.hs:50)
Documentation created:
.stack-work/dist/x86_64-linux/Cabal-1.22.5.0/doc/html/transformers-base/index.html,
.stack-work/dist/x86_64-linux/Cabal-1.22.5.0/doc/html/transformers-base/transformers-base.txt
Installing library in
/home/d/.stack/snapshots/x86_64-linux/lts-6.0/7.10.3/lib/x86_64-linux-ghc-7.10.3/transformers-base-0.4.4-74WedXVmfaHHDJItmBRTVp
Registering transformers-base-0.4.4...
