Configuring wai-3.2.1.1...
Building wai-3.2.1.1...
Preprocessing library wai-3.2.1.1...
[1 of 2] Compiling Network.Wai.Internal ( Network/Wai/Internal.hs, .stack-work/dist/x86_64-linux/Cabal-1.22.5.0/build/Network/Wai/Internal.o )
[2 of 2] Compiling Network.Wai      ( Network/Wai.hs, .stack-work/dist/x86_64-linux/Cabal-1.22.5.0/build/Network/Wai.o )

Network/Wai.hs:97:1: Warning:
    The import of ‘Data.Monoid’ is redundant
      except perhaps to import instances from ‘Data.Monoid’
    To import instances alone, use: import Data.Monoid()
In-place registering wai-3.2.1.1...
Running Haddock for wai-3.2.1.1...
Running hscolour for wai-3.2.1.1...
Preprocessing library wai-3.2.1.1...
Preprocessing library wai-3.2.1.1...
Warning: The documentation for the following packages are not installed. No
links will be generated to these packages: bytestring-builder-0.10.6.0.0

Network/Wai.hs:97:1: Warning:
    The import of ‘Data.Monoid’ is redundant
      except perhaps to import instances from ‘Data.Monoid’
    To import instances alone, use: import Data.Monoid()
Haddock coverage:
  75% (  6 /  8) in 'Network.Wai.Internal'
  Missing documentation for:
     (Network/Wai/Internal.hs:98)
    Response (Network/Wai/Internal.hs:119)
  98% ( 47 / 48) in 'Network.Wai'
  Missing documentation for:
    Response (Network/Wai/Internal.hs:119)
Documentation created:
.stack-work/dist/x86_64-linux/Cabal-1.22.5.0/doc/html/wai/index.html,
.stack-work/dist/x86_64-linux/Cabal-1.22.5.0/doc/html/wai/wai.txt
Installing library in
/home/d/.stack/snapshots/x86_64-linux/lts-6.0/7.10.3/lib/x86_64-linux-ghc-7.10.3/wai-3.2.1.1-CDzNYJ9pntE9IdZyLm6PM7
Registering wai-3.2.1.1...
