Configuring word8-0.1.2...
Building word8-0.1.2...
Preprocessing library word8-0.1.2...
[1 of 2] Compiling Data.Word8       ( Data/Word8.hs, .stack-work/dist/x86_64-linux/Cabal-1.22.5.0/build/Data/Word8.o )
[2 of 2] Compiling Data.Char8       ( Data/Char8.hs, .stack-work/dist/x86_64-linux/Cabal-1.22.5.0/build/Data/Char8.o )
In-place registering word8-0.1.2...
Running Haddock for word8-0.1.2...
Running hscolour for word8-0.1.2...
Preprocessing library word8-0.1.2...
Preprocessing library word8-0.1.2...
Haddock coverage:
   8% ( 13 /154) in 'Data.Word8'
  Missing documentation for:
    isControl (Data/Word8.hs:49)
    isSpace (Data/Word8.hs:53)
    isUpper (Data/Word8.hs:83)
    isAlpha (Data/Word8.hs:88)
    isAlphaNum (Data/Word8.hs:91)
    isPrint (Data/Word8.hs:94)
    isDigit (Data/Word8.hs:100)
    isOctDigit (Data/Word8.hs:103)
    isHexDigit (Data/Word8.hs:106)
    isLetter (Data/Word8.hs:111)
    isMark (Data/Word8.hs:114)
    isNumber (Data/Word8.hs:117)
    isSeparator (Data/Word8.hs:144)
    isAscii (Data/Word8.hs:150)
    isLatin1 (Data/Word8.hs:153)
    isAsciiUpper (Data/Word8.hs:156)
    isAsciiLower (Data/Word8.hs:159)
    toLower (Data/Word8.hs:171)
    _nul (Data/Word8.hs:182)
    _tab (Data/Word8.hs:182)
    _lf (Data/Word8.hs:182)
    _vt (Data/Word8.hs:182)
    _np (Data/Word8.hs:182)
    _cr (Data/Word8.hs:182)
    _space (Data/Word8.hs:190)
    _exclam (Data/Word8.hs:190)
    _quotedbl (Data/Word8.hs:190)
    _numbersign (Data/Word8.hs:190)
    _dollar (Data/Word8.hs:190)
    _percent (Data/Word8.hs:190)
    _ampersand (Data/Word8.hs:190)
    _quotesingle (Data/Word8.hs:190)
    _parenleft (Data/Word8.hs:190)
    _parenright (Data/Word8.hs:190)
    _asterisk (Data/Word8.hs:190)
    _plus (Data/Word8.hs:190)
    _comma (Data/Word8.hs:190)
    _hyphen (Data/Word8.hs:190)
    _period (Data/Word8.hs:190)
    _slash (Data/Word8.hs:190)
    _0 (Data/Word8.hs:208)
    _1 (Data/Word8.hs:208)
    _2 (Data/Word8.hs:208)
    _3 (Data/Word8.hs:208)
    _4 (Data/Word8.hs:208)
    _5 (Data/Word8.hs:208)
    _6 (Data/Word8.hs:208)
    _7 (Data/Word8.hs:208)
    _8 (Data/Word8.hs:208)
    _9 (Data/Word8.hs:208)
    _colon (Data/Word8.hs:220)
    _semicolon (Data/Word8.hs:220)
    _less (Data/Word8.hs:220)
    _equal (Data/Word8.hs:220)
    _greater (Data/Word8.hs:220)
    _question (Data/Word8.hs:220)
    _at (Data/Word8.hs:220)
    _A (Data/Word8.hs:229)
    _B (Data/Word8.hs:229)
    _C (Data/Word8.hs:229)
    _D (Data/Word8.hs:229)
    _E (Data/Word8.hs:229)
    _F (Data/Word8.hs:229)
    _G (Data/Word8.hs:229)
    _H (Data/Word8.hs:229)
    _I (Data/Word8.hs:229)
    _J (Data/Word8.hs:229)
    _K (Data/Word8.hs:229)
    _L (Data/Word8.hs:229)
    _M (Data/Word8.hs:229)
    _N (Data/Word8.hs:229)
    _O (Data/Word8.hs:229)
    _P (Data/Word8.hs:229)
    _Q (Data/Word8.hs:229)
    _R (Data/Word8.hs:229)
    _S (Data/Word8.hs:229)
    _T (Data/Word8.hs:229)
    _U (Data/Word8.hs:229)
    _V (Data/Word8.hs:229)
    _W (Data/Word8.hs:229)
    _X (Data/Word8.hs:229)
    _Y (Data/Word8.hs:229)
    _Z (Data/Word8.hs:229)
    _bracketleft (Data/Word8.hs:257)
    _backslash (Data/Word8.hs:257)
    _bracketright (Data/Word8.hs:257)
    _circum (Data/Word8.hs:257)
    _underscore (Data/Word8.hs:257)
    _grave (Data/Word8.hs:257)
    _a (Data/Word8.hs:265)
    _b (Data/Word8.hs:265)
    _c (Data/Word8.hs:265)
    _d (Data/Word8.hs:265)
    _e (Data/Word8.hs:265)
    _f (Data/Word8.hs:265)
    _g (Data/Word8.hs:265)
    _h (Data/Word8.hs:265)
    _i (Data/Word8.hs:265)
    _j (Data/Word8.hs:265)
    _k (Data/Word8.hs:265)
    _l (Data/Word8.hs:265)
    _m (Data/Word8.hs:265)
    _n (Data/Word8.hs:265)
    _o (Data/Word8.hs:265)
    _p (Data/Word8.hs:265)
    _q (Data/Word8.hs:265)
    _r (Data/Word8.hs:265)
    _s (Data/Word8.hs:265)
    _t (Data/Word8.hs:265)
    _u (Data/Word8.hs:265)
    _v (Data/Word8.hs:265)
    _w (Data/Word8.hs:265)
    _x (Data/Word8.hs:265)
    _y (Data/Word8.hs:265)
    _z (Data/Word8.hs:265)
    _braceleft (Data/Word8.hs:293)
    _bar (Data/Word8.hs:293)
    _braceright (Data/Word8.hs:293)
    _tilde (Data/Word8.hs:293)
    _del (Data/Word8.hs:293)
    _nbsp (Data/Word8.hs:300)
    _ordfeminine (Data/Word8.hs:303)
    _softhyphen (Data/Word8.hs:303)
    _mu (Data/Word8.hs:303)
    _ordmasculine (Data/Word8.hs:303)
    _s2 (Data/Word8.hs:309)
    _s3 (Data/Word8.hs:309)
    _s1 (Data/Word8.hs:309)
    _1'4 (Data/Word8.hs:309)
    _1'2 (Data/Word8.hs:309)
    _3'4 (Data/Word8.hs:309)
    _Agrave (Data/Word8.hs:317)
    _Odieresis (Data/Word8.hs:317)
    _Oslash (Data/Word8.hs:317)
    _Thorn (Data/Word8.hs:317)
    _germandbls (Data/Word8.hs:323)
    _agrave (Data/Word8.hs:323)
    _odieresis (Data/Word8.hs:323)
    _oslash (Data/Word8.hs:323)
    _thorn (Data/Word8.hs:323)
    _ydieresis (Data/Word8.hs:323)
  33% (  9 / 27) in 'Data.Char8'
  Missing documentation for:
    isControl (Data/Char8.hs:28)
    isSpace (Data/Char8.hs:32)
    isUpper (Data/Char8.hs:62)
    isAlpha (Data/Char8.hs:67)
    isAlphaNum (Data/Char8.hs:70)
    isPrint (Data/Char8.hs:73)
    isDigit (Data/Char8.hs:79)
    isOctDigit (Data/Char8.hs:82)
    isHexDigit (Data/Char8.hs:85)
    isLetter (Data/Char8.hs:90)
    isMark (Data/Char8.hs:93)
    isNumber (Data/Char8.hs:96)
    isSeparator (Data/Char8.hs:123)
    isAscii (Data/Char8.hs:129)
    isLatin1 (Data/Char8.hs:132)
    isAsciiUpper (Data/Char8.hs:139)
    isAsciiLower (Data/Char8.hs:142)
    toLower (Data/Char8.hs:154)
Documentation created:
.stack-work/dist/x86_64-linux/Cabal-1.22.5.0/doc/html/word8/index.html,
.stack-work/dist/x86_64-linux/Cabal-1.22.5.0/doc/html/word8/word8.txt
Installing library in
/home/d/.stack/snapshots/x86_64-linux/lts-6.0/7.10.3/lib/x86_64-linux-ghc-7.10.3/word8-0.1.2-6yKBsGbmsbLB2UCORShr75
Registering word8-0.1.2...
